Arguments: 
  /usr/local/bin/node /usr/local/bin/yarn

PATH: 
  /usr/local/bin:/usr/bin:/bin:/usr/sbin:/sbin

Yarn version: 
  1.17.3

Node version: 
  12.18.0

Platform: 
  darwin x64

Trace: 
  SyntaxError: /Users/colin.lam/Desktop/development/work/createKeycloakAuthModule/eab-express-openid-common-auth/package.json: Unexpected token } in JSON at position 937
      at JSON.parse (<anonymous>)
      at /usr/local/lib/node_modules/yarn/lib/cli.js:1625:59
      at Generator.next (<anonymous>)
      at step (/usr/local/lib/node_modules/yarn/lib/cli.js:304:30)
      at /usr/local/lib/node_modules/yarn/lib/cli.js:315:13

npm manifest: 
  {
    "name": "eab-express-openid-common-auth",
    "version": "1.0.0",
    "description": "",
    "main": "index.js",
    "scripts": {
      "build": "rollup -c",
      "lint": "eslint ./"
    },
    "keywords": [],
    "author": "",
    "license": "ISC",
    "devDependencies": {
      "@babel/core": "^7.10.3",
      "@babel/preset-env": "^7.10.3",
      "jsonwebtoken": "^8.5.1",
      "lodash": "^4.17.15",
      "rollup": "^2.18.0",
      "rollup-plugin-babel": "^4.4.0",
      "rollup-plugin-commonjs": "^10.1.0",
      "rollup-plugin-node-polyfills": "^0.2.1",
      "rollup-plugin-node-resolve": "^5.2.0",
      "rollup-plugin-peer-deps-external": "^2.2.2",
      "rollup-plugin-uglify": "^6.0.4",
      "eslint": "6.0.1",
      "eslint-config-airbnb-base": "13.2.0",
      "eslint-plugin-import": "2.18.0",
      "eslint-plugin-jest": "22.7.2",
      "eslint-plugin-security": "1.4.0",
      "jest": "24.8.0",
      "jest-coverage-badges": "1.1.2",
      "jest-transform-stub": "2.0.0",
    },
    "dependencies": {
      "eslint": "^7.3.1"
    }
  }

yarn manifest: 
  No manifest

Lockfile: 
  No lockfile
